{"/Users/erik/Documents/Work/learning/my-awesome-greeter/src/index.ts": {"path":"/Users/erik/Documents/Work/learning/my-awesome-greeter/src/index.ts","statementMap":{"0":{"start":{"line":1,"column":23},"end":{"line":1,"column":50}},"1":{"start":{"line":1,"column":41},"end":{"line":1,"column":57}},"2":{"start":{"line":1,"column":13},"end":{"line":1,"column":23}}},"fnMap":{"0":{"name":"(anonymous_0)","decl":{"start":{"line":1,"column":23},"end":{"line":1,"column":24}},"loc":{"start":{"line":1,"column":36},"end":{"line":1,"column":50}}}},"branchMap":{},"s":{"0":1,"1":1,"2":1},"f":{"0":1},"b":{}}
}
